
Attaching package: 'lubridate'

The following objects are masked from 'package:base':

    date, intersect, setdiff, union

=== ADSL Summary ===
Dimensions: 306 rows x 43 columns

=== Variable structure ===
tibble [306 x 43] (S3: tbl_df/tbl/data.frame)
 $ STUDYID : chr [1:306] "CDISCPILOT01" "CDISCPILOT01" "CDISCPILOT01" "CDISCPILOT01" ...
  ..- attr(*, "label")= chr "Study Identifier"
 $ USUBJID : chr [1:306] "01-701-1015" "01-701-1023" "01-701-1028" "01-701-1033" ...
  ..- attr(*, "label")= chr "Unique Subject Identifier"
 $ SUBJID  : chr [1:306] "1015" "1023" "1028" "1033" ...
  ..- attr(*, "label")= chr "Subject Identifier for the Study"
 $ SITEID  : chr [1:306] "701" "701" "701" "701" ...
  ..- attr(*, "label")= chr "Study Site Identifier"
 $ AGE     : num [1:306] 63 64 71 74 77 85 59 68 81 84 ...
  ..- attr(*, "label")= chr "Age"
 $ AGEU    : chr [1:306] "YEARS" "YEARS" "YEARS" "YEARS" ...
  ..- attr(*, "label")= chr "Age Units"
 $ AGEGR9  : chr [1:306] ">50" ">50" ">50" ">50" ...
 $ AGEGR9N : int [1:306] 3 3 3 3 3 3 3 3 3 3 ...
 $ SEX     : chr [1:306] "F" "M" "M" "M" ...
  ..- attr(*, "label")= chr "Sex"
 $ RACE    : chr [1:306] "WHITE" "WHITE" "WHITE" "WHITE" ...
  ..- attr(*, "label")= chr "Race"
 $ ETHNIC  : chr [1:306] "HISPANIC OR LATINO" "HISPANIC OR LATINO" "NOT HISPANIC OR LATINO" "NOT HISPANIC OR LATINO" ...
  ..- attr(*, "label")= chr "Ethnicity"
 $ ARM     : chr [1:306] "Placebo" "Placebo" "Xanomeline High Dose" "Xanomeline Low Dose" ...
  ..- attr(*, "label")= chr "Description of Planned Arm"
 $ ARMCD   : chr [1:306] "Pbo" "Pbo" "Xan_Hi" "Xan_Lo" ...
  ..- attr(*, "label")= chr "Planned Arm Code"
 $ ACTARM  : chr [1:306] "Placebo" "Placebo" "Xanomeline High Dose" "Xanomeline Low Dose" ...
  ..- attr(*, "label")= chr "Description of Actual Arm"
 $ ACTARMCD: chr [1:306] "Pbo" "Pbo" "Xan_Hi" "Xan_Lo" ...
  ..- attr(*, "label")= chr "Actual Arm Code"
 $ TRT01P  : chr [1:306] "Placebo" "Placebo" "Xanomeline High Dose" "Xanomeline Low Dose" ...
  ..- attr(*, "label")= chr "Description of Planned Arm"
 $ TRT01A  : chr [1:306] "Placebo" "Placebo" "Xanomeline High Dose" "Xanomeline Low Dose" ...
  ..- attr(*, "label")= chr "Description of Actual Arm"
 $ TRTSDTM : POSIXct[1:306], format: "2014-01-02" "2012-08-05" ...
 $ TRTSTMF : chr [1:306] "H" "H" "H" "H" ...
 $ TRTEDTM : POSIXct[1:306], format: "2014-07-02 23:59:59" "2012-09-01 23:59:59" ...
 $ TRTETMF : chr [1:306] "H" "H" "H" "H" ...
 $ TRTSDT  : Date[1:306], format: "2014-01-02" "2012-08-05" ...
 $ TRTEDT  : Date[1:306], format: "2014-07-02" "2012-09-01" ...
 $ TRTDURD : num [1:306] 182 28 180 14 183 26 NA 190 10 55 ...
 $ EOSDT   : Date[1:306], format: "2014-07-02" "2012-09-02" ...
 $ EOSSTT  : chr [1:306] "COMPLETED" "DISCONTINUED" "COMPLETED" "DISCONTINUED" ...
 $ DCSREAS : chr [1:306] NA "ADVERSE EVENT" NA "STUDY TERMINATED BY SPONSOR" ...
  ..- attr(*, "label")= chr "Standardized Disposition Term"
 $ DCSREASP: chr [1:306] NA "ADVERSE EVENT" NA "SPONSOR DECISION (STUDY OR PATIENT DISCONTINUED BY THE SPONSOR)" ...
  ..- attr(*, "label")= chr "Reported Term for the Disposition Event"
 $ RANDDT  : Date[1:306], format: "2014-01-02" "2012-08-05" ...
 $ BRTHDT  : Date[1:306], format: "1950-12-26" "1948-07-22" ...
 $ DTHDT   : Date[1:306], format: NA NA ...
 $ DTHCAUS : chr [1:306] NA NA NA NA ...
 $ DTHDOM  : chr [1:306] NA NA NA NA ...
 $ DTHSEQ  : num [1:306] NA NA NA NA NA NA NA NA NA NA ...
 $ DTHADY  : num [1:306] NA NA NA NA NA NA NA NA NA NA ...
 $ DTHFL   : chr [1:306] NA NA NA NA ...
  ..- attr(*, "label")= chr "Subject Death Flag"
 $ ITTFL   : chr [1:306] "Y" "Y" "Y" "Y" ...
 $ LSTAVLDT: Date[1:306], format: "2014-07-02" "2013-02-18" ...
 $ RFSTDTC : chr [1:306] "2014-01-02" "2012-08-05" "2013-07-19" "2014-03-18" ...
  ..- attr(*, "label")= chr "Subject Reference Start Date/Time"
 $ RFENDTC : chr [1:306] "2014-07-02" "2012-09-02" "2014-01-14" "2014-04-14" ...
  ..- attr(*, "label")= chr "Subject Reference End Date/Time"
 $ RFXSTDTC: chr [1:306] "2014-01-02" "2012-08-05" "2013-07-19" "2014-03-18" ...
  ..- attr(*, "label")= chr "Date/Time of First Study Treatment"
 $ RFXENDTC: chr [1:306] "2014-07-02" "2012-09-01" "2014-01-14" "2014-03-31" ...
  ..- attr(*, "label")= chr "Date/Time of Last Study Treatment"
 $ COUNTRY : chr [1:306] "USA" "USA" "USA" "USA" ...
  ..- attr(*, "label")= chr "Country"
 - attr(*, "label")= chr "Demographics"

=== AGEGR9 frequency ===

18 - 50     >50 
      1     305 

=== AGEGR9N frequency ===

  2   3 
  1 305 

=== ITTFL frequency ===

  Y 
306 

=== TRTSTMF frequency ===

   H <NA> 
 254   52 

=== TRTSDTM sample (first 10) ===
# A tibble: 10 x 3
   USUBJID     TRTSDTM             TRTSTMF
   <chr>       <dttm>              <chr>  
 1 01-701-1015 2014-01-02 00:00:00 H      
 2 01-701-1023 2012-08-05 00:00:00 H      
 3 01-701-1028 2013-07-19 00:00:00 H      
 4 01-701-1033 2014-03-18 00:00:00 H      
 5 01-701-1034 2014-07-01 00:00:00 H      
 6 01-701-1047 2013-02-12 00:00:00 H      
 7 01-701-1057 NA                  <NA>   
 8 01-701-1097 2014-01-01 00:00:00 H      
 9 01-701-1111 2012-09-07 00:00:00 H      
10 01-701-1115 2012-11-30 00:00:00 H      

=== LSTAVLDT sample (first 10) ===
# A tibble: 10 x 2
   USUBJID     LSTAVLDT  
   <chr>       <date>    
 1 01-701-1015 2014-07-02
 2 01-701-1023 2013-02-18
 3 01-701-1028 2014-01-14
 4 01-701-1033 2014-09-15
 5 01-701-1034 2014-12-30
 6 01-701-1047 2013-07-28
 7 01-701-1057 2013-12-20
 8 01-701-1097 2014-07-09
 9 01-701-1111 2013-02-22
10 01-701-1115 2013-05-20

=== LSTAVLDT summary ===
        Min.      1st Qu.       Median         Mean      3rd Qu.         Max. 
"2012-08-13" "2013-06-03" "2013-10-14" "2013-10-20" "2014-03-12" "2015-03-05" 

=== ADSL saved to question_2_adam/adsl.csv ===
